# JRE version: OpenJDK Runtime Environment Temurin-21.0.11+10 (21.0.11+10) (build 21.0.11+10-LTS)
# Java VM: OpenJDK 64-Bit Server VM Temurin-21.0.11+10 (21.0.11+10-LTS, mixed mode, sharing, tiered, compressed oops, compressed class ptrs, parallel gc, windows-amd64)
GC Precious Log:
 CardTable entry size: 512
 CPUs: 8 total, 8 available
 Memory: 16080M
 Large Page Support: Disabled
 NUMA Support: Disabled
 Compressed Oops: Enabled (32-bit)
 Alignments: Space 512K, Generation 512K, Heap 2M
 Heap Min Capacity: 100M
 Heap Initial Capacity: 100M
 Heap Max Capacity: 2G
 Pre-touch: Disabled
 Parallel Workers: 8
Heap:
 PSYoungGen      total 12800K, used 9815K [0x00000000d5580000, 0x00000000d6380000, 0x0000000100000000)
  eden space 11264K, 75% used [0x00000000d5580000,0x00000000d5dc7478,0x00000000d6080000)
  from space 1536K, 87% used [0x00000000d6080000,0x00000000d61ce8c8,0x00000000d6200000)
  to   space 1536K, 0% used [0x00000000d6200000,0x00000000d6200000,0x00000000d6380000)
 ParOldGen       total 204288K, used 203690K [0x0000000080000000, 0x000000008c780000, 0x00000000d5580000)
  object space 204288K, 99% used [0x0000000080000000,0x000000008c6ea900,0x000000008c780000)
 Metaspace       used 75063K, committed 76672K, reserved 1179648K
  class space    used 7703K, committed 8384K, reserved 1048576K
GC Heap History (20 events):
Event: 53.198 GC heap before
{Heap before GC invocations=119 (full 3):
 PSYoungGen      total 14336K, used 14016K [0x00000000d5580000, 0x00000000d6580000, 0x0000000100000000)
  eden space 12800K, 100% used [0x00000000d5580000,0x00000000d6200000,0x00000000d6200000)
  from space 1536K, 79% used [0x00000000d6200000,0x00000000d6330000,0x00000000d6380000)
  to   space 1536K, 0% used [0x00000000d6400000,0x00000000d6400000,0x00000000d6580000)
 ParOldGen       total 165888K, used 165534K [0x0000000080000000, 0x000000008a200000, 0x00000000d5580000)
  object space 165888K, 99% used [0x0000000080000000,0x000000008a1a79d8,0x000000008a200000)
 Metaspace       used 71266K, committed 72832K, reserved 1114112K
  class space    used 7318K, committed 8000K, reserved 1048576K
}
Event: 53.204 GC heap after
{Heap after GC invocations=119 (full 3):
 PSYoungGen      total 14336K, used 1384K [0x00000000d5580000, 0x00000000d6580000, 0x0000000100000000)
  eden space 12800K, 0% used [0x00000000d5580000,0x00000000d5580000,0x00000000d6200000)
  from space 1536K, 90% used [0x00000000d6400000,0x00000000d655a0a8,0x00000000d6580000)
  to   space 1536K, 0% used [0x00000000d6200000,0x00000000d6200000,0x00000000d6380000)
 ParOldGen       total 166400K, used 166366K [0x0000000080000000, 0x000000008a280000, 0x00000000d5580000)
  object space 166400K, 99% used [0x0000000080000000,0x000000008a277a18,0x000000008a280000)
 Metaspace       used 71266K, committed 72832K, reserved 1114112K
  class space    used 7318K, committed 8000K, reserved 1048576K
}
Event: 53.357 GC heap before
{Heap before GC invocations=120 (full 3):
 PSYoungGen      total 14336K, used 14184K [0x00000000d5580000, 0x00000000d6580000, 0x0000000100000000)
  eden space 12800K, 100% used [0x00000000d5580000,0x00000000d6200000,0x00000000d6200000)
  from space 1536K, 90% used [0x00000000d6400000,0x00000000d655a0a8,0x00000000d6580000)
  to   space 1536K, 0% used [0x00000000d6200000,0x00000000d6200000,0x00000000d6380000)
 ParOldGen       total 166400K, used 166366K [0x0000000080000000, 0x000000008a280000, 0x00000000d5580000)
  object space 166400K, 99% used [0x0000000080000000,0x000000008a277a18,0x000000008a280000)
 Metaspace       used 71726K, committed 73280K, reserved 1114112K
  class space    used 7356K, committed 8064K, reserved 1048576K
}
Event: 53.364 GC heap after
{Heap after GC invocations=120 (full 3):
 PSYoungGen      total 14336K, used 1533K [0x00000000d5580000, 0x00000000d6800000, 0x0000000100000000)
  eden space 12800K, 0% used [0x00000000d5580000,0x00000000d5580000,0x00000000d6200000)
  from space 1536K, 99% used [0x00000000d6200000,0x00000000d637f720,0x00000000d6380000)
  to   space 3072K, 0% used [0x00000000d6500000,0x00000000d6500000,0x00000000d6800000)
 ParOldGen       total 167936K, used 167493K [0x0000000080000000, 0x000000008a400000, 0x00000000d5580000)
  object space 167936K, 99% used [0x0000000080000000,0x000000008a3916f8,0x000000008a400000)
 Metaspace       used 71726K, committed 73280K, reserved 1114112K
  class space    used 7356K, committed 8064K, reserved 1048576K
}
Event: 53.491 GC heap before
{Heap before GC invocations=121 (full 3):
 PSYoungGen      total 14336K, used 14333K [0x00000000d5580000, 0x00000000d6800000, 0x0000000100000000)
  eden space 12800K, 100% used [0x00000000d5580000,0x00000000d6200000,0x00000000d6200000)
  from space 1536K, 99% used [0x00000000d6200000,0x00000000d637f720,0x00000000d6380000)
  to   space 3072K, 0% used [0x00000000d6500000,0x00000000d6500000,0x00000000d6800000)
 ParOldGen       total 167936K, used 167493K [0x0000000080000000, 0x000000008a400000, 0x00000000d5580000)
  object space 167936K, 99% used [0x0000000080000000,0x000000008a3916f8,0x000000008a400000)
 Metaspace       used 71763K, committed 73344K, reserved 1114112K
  class space    used 7358K, committed 8064K, reserved 1048576K
}
Event: 53.500 GC heap after
{Heap after GC invocations=121 (full 3):
 PSYoungGen      total 14336K, used 3040K [0x00000000d5580000, 0x00000000d6b00000, 0x0000000100000000)
  eden space 11264K, 0% used [0x00000000d5580000,0x00000000d5580000,0x00000000d6080000)
  from space 3072K, 98% used [0x00000000d6500000,0x00000000d67f8368,0x00000000d6800000)
  to   space 4608K, 0% used [0x00000000d6080000,0x00000000d6080000,0x00000000d6500000)
 ParOldGen       total 168960K, used 168590K [0x0000000080000000, 0x000000008a500000, 0x00000000d5580000)
  object space 168960K, 99% used [0x0000000080000000,0x000000008a4a3948,0x000000008a500000)
 Metaspace       used 71763K, committed 73344K, reserved 1114112K
  class space    used 7358K, committed 8064K, reserved 1048576K
}
Event: 53.698 GC heap before
{Heap before GC invocations=122 (full 3):
 PSYoungGen      total 14336K, used 14296K [0x00000000d5580000, 0x00000000d6b00000, 0x0000000100000000)
  eden space 11264K, 99% used [0x00000000d5580000,0x00000000d607dcc0,0x00000000d6080000)
  from space 3072K, 98% used [0x00000000d6500000,0x00000000d67f8368,0x00000000d6800000)
  to   space 4608K, 0% used [0x00000000d6080000,0x00000000d6080000,0x00000000d6500000)
 ParOldGen       total 168960K, used 168590K [0x0000000080000000, 0x000000008a500000, 0x00000000d5580000)
  object space 168960K, 99% used [0x0000000080000000,0x000000008a4a3948,0x000000008a500000)
 Metaspace       used 71940K, committed 73536K, reserved 1179648K
  class space    used 7378K, committed 8064K, reserved 1048576K
}
Event: 53.701 GC heap after
{Heap after GC invocations=122 (full 3):
 PSYoungGen      total 12288K, used 564K [0x00000000d5580000, 0x00000000d6580000, 0x0000000100000000)
  eden space 11264K, 0% used [0x00000000d5580000,0x00000000d5580000,0x00000000d6080000)
  from space 1024K, 55% used [0x00000000d6080000,0x00000000d610d3e0,0x00000000d6180000)
  to   space 2048K, 0% used [0x00000000d6380000,0x00000000d6380000,0x00000000d6580000)
 ParOldGen       total 168960K, used 168916K [0x0000000080000000, 0x000000008a500000, 0x00000000d5580000)
  object space 168960K, 99% used [0x0000000080000000,0x000000008a4f53b0,0x000000008a500000)
 Metaspace       used 71940K, committed 73536K, reserved 1179648K
  class space    used 7378K, committed 8064K, reserved 1048576K
}
Event: 54.125 GC heap before
{Heap before GC invocations=123 (full 3):
 PSYoungGen      total 12288K, used 11828K [0x00000000d5580000, 0x00000000d6580000, 0x0000000100000000)
  eden space 11264K, 100% used [0x00000000d5580000,0x00000000d6080000,0x00000000d6080000)
  from space 1024K, 55% used [0x00000000d6080000,0x00000000d610d3e0,0x00000000d6180000)
  to   space 2048K, 0% used [0x00000000d6380000,0x00000000d6380000,0x00000000d6580000)
 ParOldGen       total 168960K, used 168916K [0x0000000080000000, 0x000000008a500000, 0x00000000d5580000)
  object space 168960K, 99% used [0x0000000080000000,0x000000008a4f53b0,0x000000008a500000)
 Metaspace       used 72529K, committed 74112K, reserved 1179648K
  class space    used 7414K, committed 8128K, reserved 1048576K
}
Event: 54.127 GC heap after
{Heap after GC invocations=123 (full 3):
 PSYoungGen      total 11776K, used 224K [0x00000000d5580000, 0x00000000d6400000, 0x0000000100000000)
  eden space 11264K, 0% used [0x00000000d5580000,0x00000000d5580000,0x00000000d6080000)
  from space 512K, 43% used [0x00000000d6380000,0x00000000d63b8000,0x00000000d6400000)
  to   space 1024K, 0% used [0x00000000d6200000,0x00000000d6200000,0x00000000d6300000)
 ParOldGen       total 169472K, used 169000K [0x0000000080000000, 0x000000008a580000, 0x00000000d5580000)
  object space 169472K, 99% used [0x0000000080000000,0x000000008a50a148,0x000000008a580000)
 Metaspace       used 72529K, committed 74112K, reserved 1179648K
  class space    used 7414K, committed 8128K, reserved 1048576K
}
Event: 54.848 GC heap before
{Heap before GC invocations=124 (full 3):
 PSYoungGen      total 11776K, used 11488K [0x00000000d5580000, 0x00000000d6400000, 0x0000000100000000)
  eden space 11264K, 100% used [0x00000000d5580000,0x00000000d6080000,0x00000000d6080000)
  from space 512K, 43% used [0x00000000d6380000,0x00000000d63b8000,0x00000000d6400000)
  to   space 1024K, 0% used [0x00000000d6200000,0x00000000d6200000,0x00000000d6300000)
 ParOldGen       total 169472K, used 169000K [0x0000000080000000, 0x000000008a580000, 0x00000000d5580000)
  object space 169472K, 99% used [0x0000000080000000,0x000000008a50a148,0x000000008a580000)
 Metaspace       used 73475K, committed 75136K, reserved 1179648K
  class space    used 7522K, committed 8256K, reserved 1048576K
}
Event: 54.851 GC heap after
{Heap after GC invocations=124 (full 3):
 PSYoungGen      total 12288K, used 821K [0x00000000d5580000, 0x00000000d6400000, 0x0000000100000000)
  eden space 11264K, 0% used [0x00000000d5580000,0x00000000d5580000,0x00000000d6080000)
  from space 1024K, 80% used [0x00000000d6200000,0x00000000d62cd558,0x00000000d6300000)
  to   space 1024K, 0% used [0x00000000d6300000,0x00000000d6300000,0x00000000d6400000)
 ParOldGen       total 169472K, used 169064K [0x0000000080000000, 0x000000008a580000, 0x00000000d5580000)
  object space 169472K, 99% used [0x0000000080000000,0x000000008a51a148,0x000000008a580000)
 Metaspace       used 73475K, committed 75136K, reserved 1179648K
  class space    used 7522K, committed 8256K, reserved 1048576K
}
Event: 54.953 GC heap before
{Heap before GC invocations=125 (full 3):
 PSYoungGen      total 12288K, used 12085K [0x00000000d5580000, 0x00000000d6400000, 0x0000000100000000)
  eden space 11264K, 100% used [0x00000000d5580000,0x00000000d6080000,0x00000000d6080000)
  from space 1024K, 80% used [0x00000000d6200000,0x00000000d62cd558,0x00000000d6300000)
  to   space 1024K, 0% used [0x00000000d6300000,0x00000000d6300000,0x00000000d6400000)
 ParOldGen       total 169472K, used 169064K [0x0000000080000000, 0x000000008a580000, 0x00000000d5580000)
  object space 169472K, 99% used [0x0000000080000000,0x000000008a51a148,0x000000008a580000)
 Metaspace       used 73621K, committed 75328K, reserved 1179648K
  class space    used 7538K, committed 8256K, reserved 1048576K
}
Event: 54.958 GC heap after
{Heap after GC invocations=125 (full 3):
 PSYoungGen      total 12288K, used 1012K [0x00000000d5580000, 0x00000000d6580000, 0x0000000100000000)
  eden space 11264K, 0% used [0x00000000d5580000,0x00000000d5580000,0x00000000d6080000)
  from space 1024K, 98% used [0x00000000d6300000,0x00000000d63fd240,0x00000000d6400000)
  to   space 2560K, 0% used [0x00000000d6080000,0x00000000d6080000,0x00000000d6300000)
 ParOldGen       total 170496K, used 170144K [0x0000000080000000, 0x000000008a680000, 0x00000000d5580000)
  object space 170496K, 99% used [0x0000000080000000,0x000000008a628388,0x000000008a680000)
 Metaspace       used 73621K, committed 75328K, reserved 1179648K
  class space    used 7538K, committed 8256K, reserved 1048576K
}
Event: 55.207 GC heap before
{Heap before GC invocations=126 (full 3):
 PSYoungGen      total 12288K, used 12276K [0x00000000d5580000, 0x00000000d6580000, 0x0000000100000000)
  eden space 11264K, 100% used [0x00000000d5580000,0x00000000d6080000,0x00000000d6080000)
  from space 1024K, 98% used [0x00000000d6300000,0x00000000d63fd240,0x00000000d6400000)
  to   space 2560K, 0% used [0x00000000d6080000,0x00000000d6080000,0x00000000d6300000)
 ParOldGen       total 170496K, used 170144K [0x0000000080000000, 0x000000008a680000, 0x00000000d5580000)
  object space 170496K, 99% used [0x0000000080000000,0x000000008a628388,0x000000008a680000)
 Metaspace       used 73849K, committed 75584K, reserved 1179648K
  class space    used 7572K, committed 8320K, reserved 1048576K
}
Event: 55.214 GC heap after
{Heap after GC invocations=126 (full 3):
 PSYoungGen      total 12800K, used 1376K [0x00000000d5580000, 0x00000000d6480000, 0x0000000100000000)
  eden space 11264K, 0% used [0x00000000d5580000,0x00000000d5580000,0x00000000d6080000)
  from space 1536K, 89% used [0x00000000d6080000,0x00000000d61d8000,0x00000000d6200000)
  to   space 2048K, 0% used [0x00000000d6280000,0x00000000d6280000,0x00000000d6480000)
 ParOldGen       total 171520K, used 171074K [0x0000000080000000, 0x000000008a780000, 0x00000000d5580000)
  object space 171520K, 99% used [0x0000000080000000,0x000000008a710850,0x000000008a780000)
 Metaspace       used 73849K, committed 75584K, reserved 1179648K
  class space    used 7572K, committed 8320K, reserved 1048576K
}
Event: 55.337 GC heap before
{Heap before GC invocations=127 (full 3):
 PSYoungGen      total 12800K, used 12640K [0x00000000d5580000, 0x00000000d6480000, 0x0000000100000000)
  eden space 11264K, 100% used [0x00000000d5580000,0x00000000d6080000,0x00000000d6080000)
  from space 1536K, 89% used [0x00000000d6080000,0x00000000d61d8000,0x00000000d6200000)
  to   space 2048K, 0% used [0x00000000d6280000,0x00000000d6280000,0x00000000d6480000)
 ParOldGen       total 171520K, used 171074K [0x0000000080000000, 0x000000008a780000, 0x00000000d5580000)
  object space 171520K, 99% used [0x0000000080000000,0x000000008a710850,0x000000008a780000)
 Metaspace       used 73962K, committed 75648K, reserved 1179648K
  class space    used 7587K, committed 8320K, reserved 1048576K
}
Event: 55.342 GC heap after
{Heap after GC invocations=127 (full 3):
 PSYoungGen      total 12800K, used 1104K [0x00000000d5580000, 0x00000000d6400000, 0x0000000100000000)
  eden space 11264K, 0% used [0x00000000d5580000,0x00000000d5580000,0x00000000d6080000)
  from space 1536K, 71% used [0x00000000d6280000,0x00000000d6394010,0x00000000d6400000)
  to   space 1536K, 0% used [0x00000000d6080000,0x00000000d6080000,0x00000000d6200000)
 ParOldGen       total 172544K, used 172066K [0x0000000080000000, 0x000000008a880000, 0x00000000d5580000)
  object space 172544K, 99% used [0x0000000080000000,0x000000008a808890,0x000000008a880000)
 Metaspace       used 73962K, committed 75648K, reserved 1179648K
  class space    used 7587K, committed 8320K, reserved 1048576K
}
Event: 55.647 GC heap before
{Heap before GC invocations=128 (full 3):
 PSYoungGen      total 12800K, used 12368K [0x00000000d5580000, 0x00000000d6400000, 0x0000000100000000)
  eden space 11264K, 100% used [0x00000000d5580000,0x00000000d6080000,0x00000000d6080000)
  from space 1536K, 71% used [0x00000000d6280000,0x00000000d6394010,0x00000000d6400000)
  to   space 1536K, 0% used [0x00000000d6080000,0x00000000d6080000,0x00000000d6200000)
 ParOldGen       total 204288K, used 202786K [0x0000000080000000, 0x000000008c780000, 0x00000000d5580000)
  object space 204288K, 99% used [0x0000000080000000,0x000000008c6088c0,0x000000008c780000)
 Metaspace       used 74688K, committed 76352K, reserved 1179648K
  class space    used 7652K, committed 8384K, reserved 1048576K
}
Event: 55.654 GC heap after
{Heap after GC invocations=128 (full 3):
 PSYoungGen      total 12800K, used 1338K [0x00000000d5580000, 0x00000000d6380000, 0x0000000100000000)
  eden space 11264K, 0% used [0x00000000d5580000,0x00000000d5580000,0x00000000d6080000)
  from space 1536K, 87% used [0x00000000d6080000,0x00000000d61ce8c8,0x00000000d6200000)
  to   space 1536K, 0% used [0x00000000d6200000,0x00000000d6200000,0x00000000d6380000)
 ParOldGen       total 204288K, used 203690K [0x0000000080000000, 0x000000008c780000, 0x00000000d5580000)
  object space 204288K, 99% used [0x0000000080000000,0x000000008c6ea900,0x000000008c780000)
 Metaspace       used 74688K, committed 76352K, reserved 1179648K
  class space    used 7652K, committed 8384K, reserved 1048576K
}

