# JRE version: Java(TM) SE Runtime Environment (21.0.1+12) (build 21.0.1+12-LTS-29)
# Java VM: Java HotSpot(TM) 64-Bit Server VM (21.0.1+12-LTS-29, mixed mode, emulated-client, sharing, tiered, compressed oops, compressed class ptrs, g1 gc, windows-amd64)
GC Precious Log:
 CardTable entry size: 512
 Card Set container configuration: InlinePtr #cards 4 size 8 Array Of Cards #cards 16 size 48 Howl #buckets 8 coarsen threshold 3686 Howl Bitmap #cards 512 size 80 coarsen threshold 460 Card regions per heap region 1 cards per card region 4096
 CPUs: 8 total, 8 available
 Memory: 16080M
 Large Page Support: Disabled
 NUMA Support: Disabled
 Compressed Oops: Enabled (Zero based)
 Heap Region Size: 2M
 Heap Min Capacity: 8M
 Heap Initial Capacity: 252M
 Heap Max Capacity: 4022M
 Pre-touch: Disabled
 Parallel Workers: 8
 Concurrent Workers: 2
 Concurrent Refinement Workers: 8
 Periodic GC: Disabled
Heap:
 garbage-first heap   total 180224K, used 150016K [0x0000000704a00000, 0x0000000800000000)
  region size 2048K, 14 young (28672K), 3 survivors (6144K)
 Metaspace       used 72766K, committed 73536K, reserved 1114112K
  class space    used 10696K, committed 11008K, reserved 1048576K
GC Heap History (20 events):
Event: 26.518 GC heap before
{Heap before GC invocations=16 (full 0):
 garbage-first heap   total 90112K, used 75262K [0x0000000704a00000, 0x0000000800000000)
  region size 2048K, 21 young (43008K), 3 survivors (6144K)
 Metaspace       used 71851K, committed 72512K, reserved 1114112K
  class space    used 10483K, committed 10752K, reserved 1048576K
}
Event: 26.529 GC heap after
{Heap after GC invocations=17 (full 0):
 garbage-first heap   total 90112K, used 42778K [0x0000000704a00000, 0x0000000800000000)
  region size 2048K, 3 young (6144K), 3 survivors (6144K)
 Metaspace       used 71851K, committed 72512K, reserved 1114112K
  class space    used 10483K, committed 10752K, reserved 1048576K
}
Event: 26.887 GC heap before
{Heap before GC invocations=18 (full 0):
 garbage-first heap   total 90112K, used 77594K [0x0000000704a00000, 0x0000000800000000)
  region size 2048K, 20 young (40960K), 3 survivors (6144K)
 Metaspace       used 71851K, committed 72512K, reserved 1114112K
  class space    used 10483K, committed 10752K, reserved 1048576K
}
Event: 26.903 GC heap after
{Heap after GC invocations=19 (full 0):
 garbage-first heap   total 94208K, used 52566K [0x0000000704a00000, 0x0000000800000000)
  region size 2048K, 3 young (6144K), 3 survivors (6144K)
 Metaspace       used 71851K, committed 72512K, reserved 1114112K
  class space    used 10483K, committed 10752K, reserved 1048576K
}
Event: 27.083 GC heap before
{Heap before GC invocations=19 (full 0):
 garbage-first heap   total 94208K, used 79190K [0x0000000704a00000, 0x0000000800000000)
  region size 2048K, 16 young (32768K), 3 survivors (6144K)
 Metaspace       used 71851K, committed 72512K, reserved 1114112K
  class space    used 10483K, committed 10752K, reserved 1048576K
}
Event: 27.100 GC heap after
{Heap after GC invocations=20 (full 0):
 garbage-first heap   total 98304K, used 61994K [0x0000000704a00000, 0x0000000800000000)
  region size 2048K, 2 young (4096K), 2 survivors (4096K)
 Metaspace       used 71851K, committed 72512K, reserved 1114112K
  class space    used 10483K, committed 10752K, reserved 1048576K
}
Event: 27.687 GC heap before
{Heap before GC invocations=20 (full 0):
 garbage-first heap   total 98304K, used 82474K [0x0000000704a00000, 0x0000000800000000)
  region size 2048K, 12 young (24576K), 2 survivors (4096K)
 Metaspace       used 72359K, committed 73088K, reserved 1114112K
  class space    used 10627K, committed 10944K, reserved 1048576K
}
Event: 27.695 GC heap after
{Heap after GC invocations=21 (full 0):
 garbage-first heap   total 98304K, used 64742K [0x0000000704a00000, 0x0000000800000000)
  region size 2048K, 1 young (2048K), 1 survivors (2048K)
 Metaspace       used 72359K, committed 73088K, reserved 1114112K
  class space    used 10627K, committed 10944K, reserved 1048576K
}
Event: 28.125 GC heap before
{Heap before GC invocations=22 (full 0):
 garbage-first heap   total 116736K, used 83174K [0x0000000704a00000, 0x0000000800000000)
  region size 2048K, 10 young (20480K), 1 survivors (2048K)
 Metaspace       used 72766K, committed 73536K, reserved 1114112K
  class space    used 10696K, committed 11008K, reserved 1048576K
}
Event: 28.135 GC heap after
{Heap after GC invocations=23 (full 0):
 garbage-first heap   total 116736K, used 70942K [0x0000000704a00000, 0x0000000800000000)
  region size 2048K, 2 young (4096K), 2 survivors (4096K)
 Metaspace       used 72766K, committed 73536K, reserved 1114112K
  class space    used 10696K, committed 11008K, reserved 1048576K
}
Event: 28.308 GC heap before
{Heap before GC invocations=23 (full 0):
 garbage-first heap   total 116736K, used 97566K [0x0000000704a00000, 0x0000000800000000)
  region size 2048K, 15 young (30720K), 2 survivors (4096K)
 Metaspace       used 72766K, committed 73536K, reserved 1114112K
  class space    used 10696K, committed 11008K, reserved 1048576K
}
Event: 28.328 GC heap after
{Heap after GC invocations=24 (full 0):
 garbage-first heap   total 180224K, used 76638K [0x0000000704a00000, 0x0000000800000000)
  region size 2048K, 2 young (4096K), 2 survivors (4096K)
 Metaspace       used 72766K, committed 73536K, reserved 1114112K
  class space    used 10696K, committed 11008K, reserved 1048576K
}
Event: 28.695 GC heap before
{Heap before GC invocations=24 (full 0):
 garbage-first heap   total 180224K, used 127838K [0x0000000704a00000, 0x0000000800000000)
  region size 2048K, 28 young (57344K), 2 survivors (4096K)
 Metaspace       used 72766K, committed 73536K, reserved 1114112K
  class space    used 10696K, committed 11008K, reserved 1048576K
}
Event: 28.721 GC heap after
{Heap after GC invocations=25 (full 0):
 garbage-first heap   total 180224K, used 97291K [0x0000000704a00000, 0x0000000800000000)
  region size 2048K, 5 young (10240K), 5 survivors (10240K)
 Metaspace       used 72766K, committed 73536K, reserved 1114112K
  class space    used 10696K, committed 11008K, reserved 1048576K
}
Event: 29.155 GC heap before
{Heap before GC invocations=26 (full 0):
 garbage-first heap   total 180224K, used 140299K [0x0000000704a00000, 0x0000000800000000)
  region size 2048K, 27 young (55296K), 5 survivors (10240K)
 Metaspace       used 72766K, committed 73536K, reserved 1114112K
  class space    used 10696K, committed 11008K, reserved 1048576K
}
Event: 29.184 GC heap after
{Heap after GC invocations=27 (full 0):
 garbage-first heap   total 180224K, used 113271K [0x0000000704a00000, 0x0000000800000000)
  region size 2048K, 4 young (8192K), 4 survivors (8192K)
 Metaspace       used 72766K, committed 73536K, reserved 1114112K
  class space    used 10696K, committed 11008K, reserved 1048576K
}
Event: 29.512 GC heap before
{Heap before GC invocations=27 (full 0):
 garbage-first heap   total 180224K, used 148087K [0x0000000704a00000, 0x0000000800000000)
  region size 2048K, 21 young (43008K), 4 survivors (8192K)
 Metaspace       used 72766K, committed 73536K, reserved 1114112K
  class space    used 10696K, committed 11008K, reserved 1048576K
}
Event: 29.536 GC heap after
{Heap after GC invocations=28 (full 0):
 garbage-first heap   total 180224K, used 118394K [0x0000000704a00000, 0x0000000800000000)
  region size 2048K, 3 young (6144K), 3 survivors (6144K)
 Metaspace       used 72766K, committed 73536K, reserved 1114112K
  class space    used 10696K, committed 11008K, reserved 1048576K
}
Event: 29.792 GC heap before
{Heap before GC invocations=28 (full 0):
 garbage-first heap   total 180224K, used 149114K [0x0000000704a00000, 0x0000000800000000)
  region size 2048K, 18 young (36864K), 3 survivors (6144K)
 Metaspace       used 72766K, committed 73536K, reserved 1114112K
  class space    used 10696K, committed 11008K, reserved 1048576K
}
Event: 29.812 GC heap after
{Heap after GC invocations=29 (full 0):
 garbage-first heap   total 180224K, used 131584K [0x0000000704a00000, 0x0000000800000000)
  region size 2048K, 3 young (6144K), 3 survivors (6144K)
 Metaspace       used 72766K, committed 73536K, reserved 1114112K
  class space    used 10696K, committed 11008K, reserved 1048576K
}

